<?xml version="1.0" encoding="UTF-8"?>
<!-- Generated by org.testng.reporters.JUnitXMLReporter -->
<testsuite hostname="DESKTOP-QMO9A9N" name="Default test" tests="7" failures="0" timestamp="17 Dec 2019 07:51:13 GMT" time="537.333" errors="0">
  <testcase name="foodcart" time="42.254" classname="guoxiaoli.Demo"/>
  <testcase name="foodbuy" time="33.615" classname="guoxiaoli.Demo"/>
  <testcase name="jiajucart" time="141.931" classname="guoxiaoli.Demo"/>
  <testcase name="jiajubuy" time="36.576" classname="guoxiaoli.Demo"/>
  <testcase name="bagcart" time="98.602" classname="guoxiaoli.Demo"/>
  <testcase name="bagbuy" time="38.169" classname="guoxiaoli.Demo"/>
  <testcase name="backstage" time="13.108" classname="guoxiaoli.Demo"/>
</testsuite> <!-- Default test -->
