<?xml version="1.0" encoding="UTF-8"?>
<!-- Generated by org.testng.reporters.JUnitXMLReporter -->
<testsuite hostname="DESKTOP-QMO9A9N" name="Default test" tests="7" failures="0" timestamp="16 Dec 2019 10:43:04 GMT" time="75.062" errors="0">
  <testcase name="@BeforeMethod login1" time="0.0" classname="guoxiaoli.Demo">
    <failure type="java.lang.AssertionError" message="expected [true] but found [false]">
      <![CDATA[java.lang.AssertionError: expected [true] but found [false]
	at org.testng.Assert.fail(Assert.java:94)
	at org.testng.Assert.failNotEquals(Assert.java:513)
	at org.testng.Assert.assertTrue(Assert.java:42)
	at org.testng.Assert.assertTrue(Assert.java:52)
	at guoxiaoli.Demo.login1(Demo.java:28)
	at sun.reflect.NativeMethodAccessorImpl.invoke0(Native Method)
	at sun.reflect.NativeMethodAccessorImpl.invoke(NativeMethodAccessorImpl.java:62)
	at sun.reflect.DelegatingMethodAccessorImpl.invoke(DelegatingMethodAccessorImpl.java:43)
	at java.lang.reflect.Method.invoke(Method.java:498)
	at org.testng.internal.MethodInvocationHelper.invokeMethod(MethodInvocationHelper.java:86)
	at org.testng.internal.Invoker.invokeConfigurationMethod(Invoker.java:514)
	at org.testng.internal.Invoker.invokeConfigurations(Invoker.java:215)
	at org.testng.internal.Invoker.invokeMethod(Invoker.java:589)
	at org.testng.internal.Invoker.invokeTestMethod(Invoker.java:822)
	at org.testng.internal.Invoker.invokeTestMethods(Invoker.java:1130)
	at org.testng.internal.TestMethodWorker.invokeTestMethods(TestMethodWorker.java:129)
	at org.testng.internal.TestMethodWorker.run(TestMethodWorker.java:112)
	at org.testng.TestRunner.privateRun(TestRunner.java:782)
	at org.testng.TestRunner.run(TestRunner.java:632)
	at org.testng.SuiteRunner.runTest(SuiteRunner.java:366)
	at org.testng.SuiteRunner.runSequentially(SuiteRunner.java:361)
	at org.testng.SuiteRunner.privateRun(SuiteRunner.java:319)
	at org.testng.SuiteRunner.run(SuiteRunner.java:268)
	at org.testng.SuiteRunnerWorker.runSuite(SuiteRunnerWorker.java:52)
	at org.testng.SuiteRunnerWorker.run(SuiteRunnerWorker.java:86)
	at org.testng.TestNG.runSuitesSequentially(TestNG.java:1244)
	at org.testng.TestNG.runSuitesLocally(TestNG.java:1169)
	at org.testng.TestNG.run(TestNG.java:1064)
	at org.testng.remote.RemoteTestNG.run(RemoteTestNG.java:113)
	at org.testng.remote.RemoteTestNG.initAndRun(RemoteTestNG.java:206)
	at org.testng.remote.RemoteTestNG.main(RemoteTestNG.java:177)
]]>
    </failure>
  </testcase> <!-- @BeforeMethod login1 -->
  <testcase name="@BeforeMethod login1" time="0.0" classname="guoxiaoli.Demo">
    <skipped/>
  </testcase> <!-- @BeforeMethod login1 -->
  <testcase name="@BeforeMethod login1" time="0.0" classname="guoxiaoli.Demo">
    <skipped/>
  </testcase> <!-- @BeforeMethod login1 -->
  <testcase name="@BeforeMethod login1" time="0.0" classname="guoxiaoli.Demo">
    <skipped/>
  </testcase> <!-- @BeforeMethod login1 -->
  <testcase name="@BeforeMethod login1" time="0.0" classname="guoxiaoli.Demo">
    <skipped/>
  </testcase> <!-- @BeforeMethod login1 -->
  <testcase name="@BeforeMethod login1" time="0.0" classname="guoxiaoli.Demo">
    <skipped/>
  </testcase> <!-- @BeforeMethod login1 -->
  <testcase name="@BeforeMethod login1" time="0.0" classname="guoxiaoli.Demo">
    <skipped/>
  </testcase> <!-- @BeforeMethod login1 -->
  <testcase name="@AfterClass doAfterMethod" time="0.0" classname="guoxiaoli.Demo">
    <skipped/>
  </testcase> <!-- @AfterClass doAfterMethod -->
  <testcase name="foodcart" time="0.002" classname="guoxiaoli.Demo">
    <skipped/>
  </testcase> <!-- foodcart -->
  <testcase name="foodbuy" time="0.002" classname="guoxiaoli.Demo">
    <skipped/>
  </testcase> <!-- foodbuy -->
  <testcase name="jiajucart" time="0.002" classname="guoxiaoli.Demo">
    <skipped/>
  </testcase> <!-- jiajucart -->
  <testcase name="jiajubuy" time="0.002" classname="guoxiaoli.Demo">
    <skipped/>
  </testcase> <!-- jiajubuy -->
  <testcase name="bagcart" time="0.002" classname="guoxiaoli.Demo">
    <skipped/>
  </testcase> <!-- bagcart -->
  <testcase name="bagbuy" time="0.002" classname="guoxiaoli.Demo">
    <skipped/>
  </testcase> <!-- bagbuy -->
  <testcase name="backstage" time="0.001" classname="guoxiaoli.Demo">
    <skipped/>
  </testcase> <!-- backstage -->
</testsuite> <!-- Default test -->
