<?xml version="1.0" encoding="UTF-8"?>
<testng-results skipped="7" failed="0" total="7" passed="0">
  <reporter-output>
  </reporter-output>
  <suite name="Default suite" duration-ms="75062" started-at="2019-12-16T10:41:22Z" finished-at="2019-12-16T10:42:37Z">
    <groups>
    </groups>
    <test name="Default test" duration-ms="75062" started-at="2019-12-16T10:41:22Z" finished-at="2019-12-16T10:42:37Z">
      <class name="guoxiaoli.Demo">
        <test-method status="PASS" signature="doBeforeClass()[pri:0, instance:guoxiaoli.Demo@d041cf]" name="doBeforeClass" is-config="true" duration-ms="66671" started-at="2019-12-16T18:41:22Z" finished-at="2019-12-16T18:42:29Z">
          <reporter-output>
          </reporter-output>
        </test-method> <!-- doBeforeClass -->
        <test-method status="FAIL" signature="login1()[pri:0, instance:guoxiaoli.Demo@d041cf]" name="login1" is-config="true" duration-ms="0" started-at="2019-12-16T18:42:29Z" finished-at="2019-12-16T18:42:29Z">
          <exception class="java.lang.AssertionError">
            <message>
              <![CDATA[expected [true] but found [false]]]>
            </message>
            <full-stacktrace>
              <![CDATA[java.lang.AssertionError: expected [true] but found [false]
	at org.testng.Assert.fail(Assert.java:94)
	at org.testng.Assert.failNotEquals(Assert.java:513)
	at org.testng.Assert.assertTrue(Assert.java:42)
	at org.testng.Assert.assertTrue(Assert.java:52)
	at guoxiaoli.Demo.login1(Demo.java:28)
	at sun.reflect.NativeMethodAccessorImpl.invoke0(Native Method)
	at sun.reflect.NativeMethodAccessorImpl.invoke(NativeMethodAccessorImpl.java:62)
	at sun.reflect.DelegatingMethodAccessorImpl.invoke(DelegatingMethodAccessorImpl.java:43)
	at java.lang.reflect.Method.invoke(Method.java:498)
	at org.testng.internal.MethodInvocationHelper.invokeMethod(MethodInvocationHelper.java:86)
	at org.testng.internal.Invoker.invokeConfigurationMethod(Invoker.java:514)
	at org.testng.internal.Invoker.invokeConfigurations(Invoker.java:215)
	at org.testng.internal.Invoker.invokeMethod(Invoker.java:589)
	at org.testng.internal.Invoker.invokeTestMethod(Invoker.java:822)
	at org.testng.internal.Invoker.invokeTestMethods(Invoker.java:1130)
	at org.testng.internal.TestMethodWorker.invokeTestMethods(TestMethodWorker.java:129)
	at org.testng.internal.TestMethodWorker.run(TestMethodWorker.java:112)
	at org.testng.TestRunner.privateRun(TestRunner.java:782)
	at org.testng.TestRunner.run(TestRunner.java:632)
	at org.testng.SuiteRunner.runTest(SuiteRunner.java:366)
	at org.testng.SuiteRunner.runSequentially(SuiteRunner.java:361)
	at org.testng.SuiteRunner.privateRun(SuiteRunner.java:319)
	at org.testng.SuiteRunner.run(SuiteRunner.java:268)
	at org.testng.SuiteRunnerWorker.runSuite(SuiteRunnerWorker.java:52)
	at org.testng.SuiteRunnerWorker.run(SuiteRunnerWorker.java:86)
	at org.testng.TestNG.runSuitesSequentially(TestNG.java:1244)
	at org.testng.TestNG.runSuitesLocally(TestNG.java:1169)
	at org.testng.TestNG.run(TestNG.java:1064)
	at org.testng.remote.RemoteTestNG.run(RemoteTestNG.java:113)
	at org.testng.remote.RemoteTestNG.initAndRun(RemoteTestNG.java:206)
	at org.testng.remote.RemoteTestNG.main(RemoteTestNG.java:177)
]]>
            </full-stacktrace>
          </exception> <!-- java.lang.AssertionError -->
          <reporter-output>
          </reporter-output>
        </test-method> <!-- login1 -->
        <test-method status="SKIP" signature="foodcart()[pri:31, instance:guoxiaoli.Demo@d041cf]" name="foodcart" duration-ms="2" started-at="2019-12-16T18:42:37Z" finished-at="2019-12-16T18:42:37Z">
          <reporter-output>
          </reporter-output>
        </test-method> <!-- foodcart -->
        <test-method status="SKIP" signature="login1()[pri:0, instance:guoxiaoli.Demo@d041cf]" name="login1" is-config="true" duration-ms="0" started-at="2019-12-16T18:42:37Z" finished-at="2019-12-16T18:42:37Z">
          <reporter-output>
          </reporter-output>
        </test-method> <!-- login1 -->
        <test-method status="SKIP" signature="foodbuy()[pri:32, instance:guoxiaoli.Demo@d041cf]" name="foodbuy" duration-ms="2" started-at="2019-12-16T18:42:37Z" finished-at="2019-12-16T18:42:37Z">
          <reporter-output>
          </reporter-output>
        </test-method> <!-- foodbuy -->
        <test-method status="SKIP" signature="login1()[pri:0, instance:guoxiaoli.Demo@d041cf]" name="login1" is-config="true" duration-ms="0" started-at="2019-12-16T18:42:37Z" finished-at="2019-12-16T18:42:37Z">
          <reporter-output>
          </reporter-output>
        </test-method> <!-- login1 -->
        <test-method status="SKIP" signature="jiajucart()[pri:33, instance:guoxiaoli.Demo@d041cf]" name="jiajucart" duration-ms="2" started-at="2019-12-16T18:42:37Z" finished-at="2019-12-16T18:42:37Z">
          <reporter-output>
          </reporter-output>
        </test-method> <!-- jiajucart -->
        <test-method status="SKIP" signature="login1()[pri:0, instance:guoxiaoli.Demo@d041cf]" name="login1" is-config="true" duration-ms="0" started-at="2019-12-16T18:42:37Z" finished-at="2019-12-16T18:42:37Z">
          <reporter-output>
          </reporter-output>
        </test-method> <!-- login1 -->
        <test-method status="SKIP" signature="jiajubuy()[pri:34, instance:guoxiaoli.Demo@d041cf]" name="jiajubuy" duration-ms="2" started-at="2019-12-16T18:42:37Z" finished-at="2019-12-16T18:42:37Z">
          <reporter-output>
          </reporter-output>
        </test-method> <!-- jiajubuy -->
        <test-method status="SKIP" signature="login1()[pri:0, instance:guoxiaoli.Demo@d041cf]" name="login1" is-config="true" duration-ms="0" started-at="2019-12-16T18:42:37Z" finished-at="2019-12-16T18:42:37Z">
          <reporter-output>
          </reporter-output>
        </test-method> <!-- login1 -->
        <test-method status="SKIP" signature="bagcart()[pri:35, instance:guoxiaoli.Demo@d041cf]" name="bagcart" duration-ms="2" started-at="2019-12-16T18:42:37Z" finished-at="2019-12-16T18:42:37Z">
          <reporter-output>
          </reporter-output>
        </test-method> <!-- bagcart -->
        <test-method status="SKIP" signature="login1()[pri:0, instance:guoxiaoli.Demo@d041cf]" name="login1" is-config="true" duration-ms="0" started-at="2019-12-16T18:42:37Z" finished-at="2019-12-16T18:42:37Z">
          <reporter-output>
          </reporter-output>
        </test-method> <!-- login1 -->
        <test-method status="SKIP" signature="bagbuy()[pri:36, instance:guoxiaoli.Demo@d041cf]" name="bagbuy" duration-ms="2" started-at="2019-12-16T18:42:37Z" finished-at="2019-12-16T18:42:37Z">
          <reporter-output>
          </reporter-output>
        </test-method> <!-- bagbuy -->
        <test-method status="SKIP" signature="login1()[pri:0, instance:guoxiaoli.Demo@d041cf]" name="login1" is-config="true" duration-ms="0" started-at="2019-12-16T18:42:37Z" finished-at="2019-12-16T18:42:37Z">
          <reporter-output>
          </reporter-output>
        </test-method> <!-- login1 -->
        <test-method status="SKIP" signature="backstage()[pri:37, instance:guoxiaoli.Demo@d041cf]" name="backstage" duration-ms="1" started-at="2019-12-16T18:42:37Z" finished-at="2019-12-16T18:42:37Z">
          <reporter-output>
          </reporter-output>
        </test-method> <!-- backstage -->
        <test-method status="SKIP" signature="doAfterMethod()[pri:0, instance:guoxiaoli.Demo@d041cf]" name="doAfterMethod" is-config="true" duration-ms="0" started-at="2019-12-16T18:42:37Z" finished-at="2019-12-16T18:42:37Z">
          <reporter-output>
          </reporter-output>
        </test-method> <!-- doAfterMethod -->
      </class> <!-- guoxiaoli.Demo -->
    </test> <!-- Default test -->
  </suite> <!-- Default suite -->
</testng-results>
